{
  "stats": {
    "suites": 2,
    "tests": 2,
    "passes": 2,
    "pending": 0,
    "failures": 0,
    "start": "2020-08-30T23:21:17.939Z",
    "end": "2020-08-30T23:21:17.939Z",
    "duration": 8803,
    "testsRegistered": 2,
    "passPercent": 100,
    "pendingPercent": 0,
    "other": 0,
    "hasOther": false,
    "skipped": 0,
    "hasSkipped": false
  },
  "results": [
    {
      "uuid": "78131e6f-105f-449f-9135-ba315ebfe2dc",
      "title": "",
      "fullFile": "cypress/integration/smoke.spec.js",
      "file": "cypress/integration/smoke.spec.js",
      "beforeHooks": [],
      "afterHooks": [],
      "tests": [],
      "suites": [
        {
          "uuid": "50a0893f-f67f-48f4-97f5-d08232641609",
          "title": "Utilities",
          "fullFile": "",
          "file": "",
          "beforeHooks": [],
          "afterHooks": [],
          "tests": [
            {
              "title": "My Application Demo",
              "fullTitle": "Utilities My Application Demo",
              "timedOut": null,
              "duration": 4792,
              "state": "passed",
              "speed": "slow",
              "pass": true,
              "fail": false,
              "pending": false,
              "context": null,
              "code": "// https://on.cypress.io/_\ncy.get(username).type(\"rumen.tonev@yahoo.com\");\ncy.get('input[name=password]').type('$Blink185');\ncy.get('button[type=submit]').click();\ncy.get('div[class*=MuiButtonBase-root]').trigger('mouseover');\ncy.xpath('//div[@role=\"tooltip\"]//div[text()=\"Leads\"]').click(); //cy.get('div[role=tooltip]').click();",
              "err": {},
              "uuid": "fb44a99b-bda0-41e2-9a2b-de5d2b92d156",
              "parentUUID": "50a0893f-f67f-48f4-97f5-d08232641609",
              "isHook": false,
              "skipped": false
            }
          ],
          "suites": [],
          "passes": [
            "fb44a99b-bda0-41e2-9a2b-de5d2b92d156"
          ],
          "failures": [],
          "pending": [],
          "skipped": [],
          "duration": 4792,
          "root": false,
          "rootEmpty": false,
          "_timeout": 2000
        }
      ],
      "passes": [],
      "failures": [],
      "pending": [],
      "skipped": [],
      "duration": 0,
      "root": true,
      "rootEmpty": true,
      "_timeout": 2000
    },
    {
      "uuid": "558493cf-ff32-477b-82dc-4463c3aff94b",
      "title": "",
      "fullFile": "cypress/integration/smoke1.spec.js",
      "file": "cypress/integration/smoke1.spec.js",
      "beforeHooks": [],
      "afterHooks": [],
      "tests": [],
      "suites": [
        {
          "uuid": "9293f3ed-025a-4f6f-a4cd-1cbdd8b20104",
          "title": "Utilities",
          "fullFile": "",
          "file": "",
          "beforeHooks": [],
          "afterHooks": [],
          "tests": [
            {
              "title": "My Application Demo",
              "fullTitle": "Utilities My Application Demo",
              "timedOut": null,
              "duration": 4011,
              "state": "passed",
              "speed": "slow",
              "pass": true,
              "fail": false,
              "pending": false,
              "context": null,
              "code": "// https://on.cypress.io/_\ncy.get(username).type(\"rumen.tonev@yahoo.com\");\ncy.get('input[name=password]').type('$Blink185');\ncy.get('button[type=submit]').click();\ncy.get('div[class*=MuiButtonBase-root]').trigger('mouseover');\ncy.xpath('//div[@role=\"tooltip\"]//div[text()=\"Leads\"]').click(); //cy.get('div[role=tooltip]').click();\n//npx run-s cypress:run merge generate_mochawesome_report",
              "err": {},
              "uuid": "cd4ba347-df4c-4588-88f1-8fc0721edcbe",
              "parentUUID": "9293f3ed-025a-4f6f-a4cd-1cbdd8b20104",
              "isHook": false,
              "skipped": false
            }
          ],
          "suites": [],
          "passes": [
            "cd4ba347-df4c-4588-88f1-8fc0721edcbe"
          ],
          "failures": [],
          "pending": [],
          "skipped": [],
          "duration": 4011,
          "root": false,
          "rootEmpty": false,
          "_timeout": 2000
        }
      ],
      "passes": [],
      "failures": [],
      "pending": [],
      "skipped": [],
      "duration": 0,
      "root": true,
      "rootEmpty": true,
      "_timeout": 2000
    }
  ],
  "meta": {
    "mocha": {
      "version": "7.0.1"
    },
    "mochawesome": {
      "options": {
        "quiet": false,
        "reportFilename": "mochawesome",
        "saveHtml": false,
        "saveJson": true,
        "consoleReporter": "spec",
        "useInlineDiffs": false,
        "code": true
      },
      "version": "6.1.1"
    },
    "marge": {
      "options": {
        "charts": true,
        "overwrite": false,
        "html": false,
        "json": true,
        "reportDir": "cypress/report/mochawesome-report"
      },
      "version": "5.1.0"
    }
  }
}